Error opening '/media/badnack/Documents/Code/sasi/benchmark_evaluation/run_scripts/../../Debug+Asserts/lib/Fixpoint.so': /media/badnack/Documents/Code/sasi/benchmark_evaluation/run_scripts/../../Debug+Asserts/lib/Fixpoint.so: cannot open shared object file: No such file or directory
  -load request ignored.
Error opening '/media/badnack/Documents/Code/sasi/benchmark_evaluation/run_scripts/../../Debug+Asserts/lib/RangeAnalysis.so': /media/badnack/Documents/Code/sasi/benchmark_evaluation/run_scripts/../../Debug+Asserts/lib/RangeAnalysis.so: cannot open shared object file: No such file or directory
  -load request ignored.
Error opening '/media/badnack/Documents/Code/sasi/benchmark_evaluation/run_scripts/../../Debug+Asserts/lib/Transformations.so': /media/badnack/Documents/Code/sasi/benchmark_evaluation/run_scripts/../../Debug+Asserts/lib/Transformations.so: cannot open shared object file: No such file or directory
  -load request ignored.
opt: Unknown command line argument '-range-transformations'.  Try: '/home/badnack/Programs//llvm/build/Debug+Asserts/bin/opt -help'
opt: Did you mean '-argpromotion'?
opt: Unknown command line argument '-compare-strided-range-analyses'.  Try: '/home/badnack/Programs//llvm/build/Debug+Asserts/bin/opt -help'
opt: Did you mean '-correlated-propagation'?
In file included from /media/badnack/Documents/Code/sasi/benchmark_evaluation/spec_benchmarks/bzip2-1.0.6/bzip2.c:55:
In file included from /usr/include/errno.h:35:
In file included from /usr/include/bits/errno.h:24:
/usr/include/linux/errno.h:1:10: fatal error: 'asm/errno.h' file not found
#include <asm/errno.h>
         ^
1 error generated.
Error opening '/media/badnack/Documents/Code/sasi/benchmark_evaluation/run_scripts/../../Debug+Asserts/lib/Fixpoint.so': /media/badnack/Documents/Code/sasi/benchmark_evaluation/run_scripts/../../Debug+Asserts/lib/Fixpoint.so: cannot open shared object file: No such file or directory
  -load request ignored.
Error opening '/media/badnack/Documents/Code/sasi/benchmark_evaluation/run_scripts/../../Debug+Asserts/lib/RangeAnalysis.so': /media/badnack/Documents/Code/sasi/benchmark_evaluation/run_scripts/../../Debug+Asserts/lib/RangeAnalysis.so: cannot open shared object file: No such file or directory
  -load request ignored.
Error opening '/media/badnack/Documents/Code/sasi/benchmark_evaluation/run_scripts/../../Debug+Asserts/lib/Transformations.so': /media/badnack/Documents/Code/sasi/benchmark_evaluation/run_scripts/../../Debug+Asserts/lib/Transformations.so: cannot open shared object file: No such file or directory
  -load request ignored.
opt: Unknown command line argument '-range-transformations'.  Try: '/home/badnack/Programs//llvm/build/Debug+Asserts/bin/opt -help'
opt: Did you mean '-argpromotion'?
opt: Unknown command line argument '-compare-strided-range-analyses'.  Try: '/home/badnack/Programs//llvm/build/Debug+Asserts/bin/opt -help'
opt: Did you mean '-correlated-propagation'?
Error opening '/media/badnack/Documents/Code/sasi/benchmark_evaluation/run_scripts/../../Debug+Asserts/lib/Fixpoint.so': /media/badnack/Documents/Code/sasi/benchmark_evaluation/run_scripts/../../Debug+Asserts/lib/Fixpoint.so: cannot open shared object file: No such file or directory
  -load request ignored.
Error opening '/media/badnack/Documents/Code/sasi/benchmark_evaluation/run_scripts/../../Debug+Asserts/lib/RangeAnalysis.so': /media/badnack/Documents/Code/sasi/benchmark_evaluation/run_scripts/../../Debug+Asserts/lib/RangeAnalysis.so: cannot open shared object file: No such file or directory
  -load request ignored.
Error opening '/media/badnack/Documents/Code/sasi/benchmark_evaluation/run_scripts/../../Debug+Asserts/lib/Transformations.so': /media/badnack/Documents/Code/sasi/benchmark_evaluation/run_scripts/../../Debug+Asserts/lib/Transformations.so: cannot open shared object file: No such file or directory
  -load request ignored.
opt: Unknown command line argument '-range-transformations'.  Try: '/home/badnack/Programs//llvm/build/Debug+Asserts/bin/opt -help'
opt: Did you mean '-argpromotion'?
opt: Unknown command line argument '-compare-strided-range-analyses'.  Try: '/home/badnack/Programs//llvm/build/Debug+Asserts/bin/opt -help'
opt: Did you mean '-correlated-propagation'?
In file included from /media/badnack/Documents/Code/sasi/benchmark_evaluation/spec_benchmarks/bzip2-1.0.6/bzip2recover.c:24:
In file included from /usr/include/errno.h:35:
In file included from /usr/include/bits/errno.h:24:
/usr/include/linux/errno.h:1:10: fatal error: 'asm/errno.h' file not found
#include <asm/errno.h>
         ^
1 error generated.
Error opening '/media/badnack/Documents/Code/sasi/benchmark_evaluation/run_scripts/../../Debug+Asserts/lib/Fixpoint.so': /media/badnack/Documents/Code/sasi/benchmark_evaluation/run_scripts/../../Debug+Asserts/lib/Fixpoint.so: cannot open shared object file: No such file or directory
  -load request ignored.
Error opening '/media/badnack/Documents/Code/sasi/benchmark_evaluation/run_scripts/../../Debug+Asserts/lib/RangeAnalysis.so': /media/badnack/Documents/Code/sasi/benchmark_evaluation/run_scripts/../../Debug+Asserts/lib/RangeAnalysis.so: cannot open shared object file: No such file or directory
  -load request ignored.
Error opening '/media/badnack/Documents/Code/sasi/benchmark_evaluation/run_scripts/../../Debug+Asserts/lib/Transformations.so': /media/badnack/Documents/Code/sasi/benchmark_evaluation/run_scripts/../../Debug+Asserts/lib/Transformations.so: cannot open shared object file: No such file or directory
  -load request ignored.
opt: Unknown command line argument '-range-transformations'.  Try: '/home/badnack/Programs//llvm/build/Debug+Asserts/bin/opt -help'
opt: Did you mean '-argpromotion'?
opt: Unknown command line argument '-compare-strided-range-analyses'.  Try: '/home/badnack/Programs//llvm/build/Debug+Asserts/bin/opt -help'
opt: Did you mean '-correlated-propagation'?
Error opening '/media/badnack/Documents/Code/sasi/benchmark_evaluation/run_scripts/../../Debug+Asserts/lib/Fixpoint.so': /media/badnack/Documents/Code/sasi/benchmark_evaluation/run_scripts/../../Debug+Asserts/lib/Fixpoint.so: cannot open shared object file: No such file or directory
  -load request ignored.
Error opening '/media/badnack/Documents/Code/sasi/benchmark_evaluation/run_scripts/../../Debug+Asserts/lib/RangeAnalysis.so': /media/badnack/Documents/Code/sasi/benchmark_evaluation/run_scripts/../../Debug+Asserts/lib/RangeAnalysis.so: cannot open shared object file: No such file or directory
  -load request ignored.
Error opening '/media/badnack/Documents/Code/sasi/benchmark_evaluation/run_scripts/../../Debug+Asserts/lib/Transformations.so': /media/badnack/Documents/Code/sasi/benchmark_evaluation/run_scripts/../../Debug+Asserts/lib/Transformations.so: cannot open shared object file: No such file or directory
  -load request ignored.
opt: Unknown command line argument '-range-transformations'.  Try: '/home/badnack/Programs//llvm/build/Debug+Asserts/bin/opt -help'
opt: Did you mean '-argpromotion'?
opt: Unknown command line argument '-compare-strided-range-analyses'.  Try: '/home/badnack/Programs//llvm/build/Debug+Asserts/bin/opt -help'
opt: Did you mean '-correlated-propagation'?
Error opening '/media/badnack/Documents/Code/sasi/benchmark_evaluation/run_scripts/../../Debug+Asserts/lib/Fixpoint.so': /media/badnack/Documents/Code/sasi/benchmark_evaluation/run_scripts/../../Debug+Asserts/lib/Fixpoint.so: cannot open shared object file: No such file or directory
  -load request ignored.
Error opening '/media/badnack/Documents/Code/sasi/benchmark_evaluation/run_scripts/../../Debug+Asserts/lib/RangeAnalysis.so': /media/badnack/Documents/Code/sasi/benchmark_evaluation/run_scripts/../../Debug+Asserts/lib/RangeAnalysis.so: cannot open shared object file: No such file or directory
  -load request ignored.
Error opening '/media/badnack/Documents/Code/sasi/benchmark_evaluation/run_scripts/../../Debug+Asserts/lib/Transformations.so': /media/badnack/Documents/Code/sasi/benchmark_evaluation/run_scripts/../../Debug+Asserts/lib/Transformations.so: cannot open shared object file: No such file or directory
  -load request ignored.
opt: Unknown command line argument '-range-transformations'.  Try: '/home/badnack/Programs//llvm/build/Debug+Asserts/bin/opt -help'
opt: Did you mean '-argpromotion'?
opt: Unknown command line argument '-compare-strided-range-analyses'.  Try: '/home/badnack/Programs//llvm/build/Debug+Asserts/bin/opt -help'
opt: Did you mean '-correlated-propagation'?
Error opening '/media/badnack/Documents/Code/sasi/benchmark_evaluation/run_scripts/../../Debug+Asserts/lib/Fixpoint.so': /media/badnack/Documents/Code/sasi/benchmark_evaluation/run_scripts/../../Debug+Asserts/lib/Fixpoint.so: cannot open shared object file: No such file or directory
  -load request ignored.
Error opening '/media/badnack/Documents/Code/sasi/benchmark_evaluation/run_scripts/../../Debug+Asserts/lib/RangeAnalysis.so': /media/badnack/Documents/Code/sasi/benchmark_evaluation/run_scripts/../../Debug+Asserts/lib/RangeAnalysis.so: cannot open shared object file: No such file or directory
  -load request ignored.
Error opening '/media/badnack/Documents/Code/sasi/benchmark_evaluation/run_scripts/../../Debug+Asserts/lib/Transformations.so': /media/badnack/Documents/Code/sasi/benchmark_evaluation/run_scripts/../../Debug+Asserts/lib/Transformations.so: cannot open shared object file: No such file or directory
  -load request ignored.
opt: Unknown command line argument '-range-transformations'.  Try: '/home/badnack/Programs//llvm/build/Debug+Asserts/bin/opt -help'
opt: Did you mean '-argpromotion'?
opt: Unknown command line argument '-compare-strided-range-analyses'.  Try: '/home/badnack/Programs//llvm/build/Debug+Asserts/bin/opt -help'
opt: Did you mean '-correlated-propagation'?
Error opening '/media/badnack/Documents/Code/sasi/benchmark_evaluation/run_scripts/../../Debug+Asserts/lib/Fixpoint.so': /media/badnack/Documents/Code/sasi/benchmark_evaluation/run_scripts/../../Debug+Asserts/lib/Fixpoint.so: cannot open shared object file: No such file or directory
  -load request ignored.
Error opening '/media/badnack/Documents/Code/sasi/benchmark_evaluation/run_scripts/../../Debug+Asserts/lib/RangeAnalysis.so': /media/badnack/Documents/Code/sasi/benchmark_evaluation/run_scripts/../../Debug+Asserts/lib/RangeAnalysis.so: cannot open shared object file: No such file or directory
  -load request ignored.
Error opening '/media/badnack/Documents/Code/sasi/benchmark_evaluation/run_scripts/../../Debug+Asserts/lib/Transformations.so': /media/badnack/Documents/Code/sasi/benchmark_evaluation/run_scripts/../../Debug+Asserts/lib/Transformations.so: cannot open shared object file: No such file or directory
  -load request ignored.
opt: Unknown command line argument '-range-transformations'.  Try: '/home/badnack/Programs//llvm/build/Debug+Asserts/bin/opt -help'
opt: Did you mean '-argpromotion'?
opt: Unknown command line argument '-compare-strided-range-analyses'.  Try: '/home/badnack/Programs//llvm/build/Debug+Asserts/bin/opt -help'
opt: Did you mean '-correlated-propagation'?
Error opening '/media/badnack/Documents/Code/sasi/benchmark_evaluation/run_scripts/../../Debug+Asserts/lib/Fixpoint.so': /media/badnack/Documents/Code/sasi/benchmark_evaluation/run_scripts/../../Debug+Asserts/lib/Fixpoint.so: cannot open shared object file: No such file or directory
  -load request ignored.
Error opening '/media/badnack/Documents/Code/sasi/benchmark_evaluation/run_scripts/../../Debug+Asserts/lib/RangeAnalysis.so': /media/badnack/Documents/Code/sasi/benchmark_evaluation/run_scripts/../../Debug+Asserts/lib/RangeAnalysis.so: cannot open shared object file: No such file or directory
  -load request ignored.
Error opening '/media/badnack/Documents/Code/sasi/benchmark_evaluation/run_scripts/../../Debug+Asserts/lib/Transformations.so': /media/badnack/Documents/Code/sasi/benchmark_evaluation/run_scripts/../../Debug+Asserts/lib/Transformations.so: cannot open shared object file: No such file or directory
  -load request ignored.
opt: Unknown command line argument '-range-transformations'.  Try: '/home/badnack/Programs//llvm/build/Debug+Asserts/bin/opt -help'
opt: Did you mean '-argpromotion'?
opt: Unknown command line argument '-compare-strided-range-analyses'.  Try: '/home/badnack/Programs//llvm/build/Debug+Asserts/bin/opt -help'
opt: Did you mean '-correlated-propagation'?
